<?xml version="1.0" encoding="UTF-8"?>
<!-- Generated by org.testng.reporters.JUnitXMLReporter -->
<testsuite hostname="varshitha-ThinkPad-L450" name="Default test(failed)" tests="1" failures="1" timestamp="11 Jun 2019 15:22:46 GMT" time="2.665" errors="0">
  <testcase name="updateList2" time="2.645" classname="com.RestApi.TrelloApi.PutTest">
    <failure type="org.json.JSONException" message="A JSONObject text must begin with &amp;apos;{&amp;apos; at 1 [character 2 line 1]">
      <![CDATA[org.json.JSONException: A JSONObject text must begin with '{' at 1 [character 2 line 1]
	at org.json.JSONTokener.syntaxError(JSONTokener.java:433)
	at org.json.JSONObject.<init>(JSONObject.java:195)
	at org.json.JSONObject.<init>(JSONObject.java:319)
	at com.RestApi.TrelloApi.PutTest.updateList2(PutTest.java:57)
... Removed 24 stack frames]]>
    </failure>
  </testcase> <!-- updateList2 -->
</testsuite> <!-- Default test(failed) -->
